<?xml version="1.0" encoding="UTF-8"?>
<!-- Generated by org.testng.reporters.JUnitReportReporter -->
<testsuite hostname="BA-ASIROTA-OSX.local" name="com.mulesoft.performance.test.policy.clientidenforcement.ClientIdEnforcementOnRegularTest" tests="3" failures="0" timestamp="8 Feb 2017 21:08:16 GMT" time="1046.434" errors="1">
  <testcase name="clientIdEnforcementWithLotsOfContracts" time="720.305" classname="com.mulesoft.performance.test.policy.clientidenforcement.ClientIdEnforcementOnRegularTest"/>
  <testcase name="clientIdEnforcementAsBasicAuth" time="206.157" classname="com.mulesoft.performance.test.policy.clientidenforcement.ClientIdEnforcementOnRegularTest">
    <error type="java.lang.AssertionError" message="http://54.83.54.127:8887/api endpoint does not meet expected condition (expected HTTP code: 200).">
      <![CDATA[java.lang.AssertionError: http://54.83.54.127:8887/api endpoint does not meet expected condition (expected HTTP code: 200).
	at org.testng.Assert.fail(Assert.java:89)
	at com.mulesoft.performance.test.policy.clientidenforcement.ClientIdEnforcementBase.waitUntilSuccessByBasicAuth(ClientIdEnforcementBase.java:101)
	at com.mulesoft.performance.test.policy.clientidenforcement.ClientIdEnforcementOnRegularTest.clientIdEnforcementAsBasicAuth(ClientIdEnforcementOnRegularTest.java:92)
	at sun.reflect.NativeMethodAccessorImpl.invoke0(Native Method)
	at sun.reflect.NativeMethodAccessorImpl.invoke(NativeMethodAccessorImpl.java:62)
	at sun.reflect.DelegatingMethodAccessorImpl.invoke(DelegatingMethodAccessorImpl.java:43)
	at java.lang.reflect.Method.invoke(Method.java:498)
	at org.testng.internal.MethodInvocationHelper.invokeMethod(MethodInvocationHelper.java:80)
	at org.testng.internal.Invoker.invokeMethod(Invoker.java:702)
	at org.testng.internal.Invoker.invokeTestMethod(Invoker.java:894)
	at org.testng.internal.Invoker.invokeTestMethods(Invoker.java:1219)
	at org.testng.internal.TestMethodWorker.invokeTestMethods(TestMethodWorker.java:127)
	at org.testng.internal.TestMethodWorker.run(TestMethodWorker.java:111)
	at org.testng.TestRunner.privateRun(TestRunner.java:768)
	at org.testng.TestRunner.run(TestRunner.java:617)
	at org.testng.SuiteRunner.runTest(SuiteRunner.java:334)
	at org.testng.SuiteRunner.runSequentially(SuiteRunner.java:329)
	at org.testng.SuiteRunner.privateRun(SuiteRunner.java:291)
	at org.testng.SuiteRunner.run(SuiteRunner.java:240)
	at org.testng.SuiteRunnerWorker.runSuite(SuiteRunnerWorker.java:53)
	at org.testng.SuiteRunnerWorker.run(SuiteRunnerWorker.java:87)
	at org.testng.TestNG.runSuitesSequentially(TestNG.java:1188)
	at org.testng.TestNG.runSuitesLocally(TestNG.java:1113)
	at org.testng.TestNG.run(TestNG.java:1025)
	at org.apache.maven.surefire.testng.TestNGExecutor.run(TestNGExecutor.java:77)
	at org.apache.maven.surefire.testng.TestNGDirectoryTestSuite.execute(TestNGDirectoryTestSuite.java:110)
	at org.apache.maven.surefire.testng.TestNGProvider.invoke(TestNGProvider.java:106)
	at sun.reflect.NativeMethodAccessorImpl.invoke0(Native Method)
	at sun.reflect.NativeMethodAccessorImpl.invoke(NativeMethodAccessorImpl.java:62)
	at sun.reflect.DelegatingMethodAccessorImpl.invoke(DelegatingMethodAccessorImpl.java:43)
	at java.lang.reflect.Method.invoke(Method.java:498)
	at org.apache.maven.surefire.util.ReflectionUtils.invokeMethodWithArray(ReflectionUtils.java:189)
	at org.apache.maven.surefire.booter.ProviderFactory$ProviderProxy.invoke(ProviderFactory.java:165)
	at org.apache.maven.surefire.booter.ProviderFactory.invokeProvider(ProviderFactory.java:85)
	at org.apache.maven.surefire.booter.ForkedBooter.runSuitesInProcess(ForkedBooter.java:115)
	at org.apache.maven.surefire.booter.ForkedBooter.main(ForkedBooter.java:75)
]]>
    </error>
  </testcase> <!-- clientIdEnforcementAsBasicAuth -->
  <testcase name="clientIdEnforcementPolicyOnRegularEndpointUsingGet" time="119.972" classname="com.mulesoft.performance.test.policy.clientidenforcement.ClientIdEnforcementOnRegularTest"/>
</testsuite> <!-- com.mulesoft.performance.test.policy.clientidenforcement.ClientIdEnforcementOnRegularTest -->
